2024-04-17 13:07:30 INFO  Log:10 - =====================================verifyProductPrice TEST START=========================================
2024-04-17 13:07:35 INFO  Log:21 - product is successfully added to cart 
2024-04-17 13:17:09 INFO  Log:10 - =====================================verifyProductPrice TEST START=========================================
2024-04-17 13:17:14 INFO  Log:21 - product is successfully added to cart 
2024-04-17 13:24:18 INFO  Log:10 - =====================================verifyCreateAccountPageTest TEST START=========================================
2024-04-17 13:24:19 INFO  Log:21 - sucsessfilly retive to Register Account Page
2024-04-17 13:27:25 INFO  Log:10 - =====================================verifyCreateAccountPageTest TEST START=========================================
2024-04-17 13:27:26 INFO  Log:21 - sucsessfilly retive to Register Account Page
2024-04-17 13:29:43 INFO  Log:10 - =====================================verifyCreateAccountPageTest TEST START=========================================
2024-04-17 13:29:44 INFO  Log:21 - sucsessfilly retive to Register Account Page
2024-04-17 13:31:17 INFO  Log:10 - =====================================verifyCreateAccountPageTest TEST START=========================================
2024-04-17 13:31:20 INFO  Log:21 - sucsessfilly retive to Register Account Page
2024-04-17 13:32:58 INFO  Log:10 - =====================================verifyCreateAccountPageTest TEST START=========================================
2024-04-17 13:33:00 INFO  Log:21 - sucsessfilly retive to Register Account Page
2024-04-17 14:26:53 INFO  Log:10 - =====================================verifyLoginTest TEST START=========================================
2024-04-17 14:26:54 INFO  Log:21 - Enter sucsessfully valid credentials
2024-04-17 14:34:06 INFO  Log:10 - =====================================verifyProductPrice TEST START=========================================
2024-04-17 14:34:12 INFO  Log:21 - product is successfully added to cart 
2024-04-17 14:34:41 INFO  Log:10 - =====================================verifyLoginTest TEST START=========================================
2024-04-17 14:34:42 INFO  Log:21 - Enter sucsessfully valid credentials
2024-04-17 14:34:47 INFO  Log:10 - =====================================verifyAddToCartProd TEST START=========================================
2024-04-17 14:34:50 INFO  Log:14 - =====================================verifyAddToCartProd TEST END=========================================
2024-04-17 14:35:01 INFO  Log:10 - =====================================verifyAvaliblityProduct TEST START=========================================
2024-04-17 14:35:04 INFO  Log:21 - Product is available
2024-04-17 14:35:04 INFO  Log:14 - =====================================verifyAvaliblityProduct TEST END=========================================
2024-04-17 14:35:13 INFO  Log:10 - =====================================verifywishList TEST START=========================================
2024-04-17 14:35:39 INFO  Log:10 - =====================================verifyCreateAccountPageTest TEST START=========================================
2024-04-17 14:35:46 INFO  Log:21 - sucsessfilly retive to Register Account Page
2024-04-17 14:42:04 INFO  Log:10 - =====================================verifyCreateAccountPageTest TEST START=========================================
2024-04-17 14:42:06 INFO  Log:21 - sucsessfilly retive to Register Account Page
2024-04-17 14:42:06 INFO  Log:14 - =====================================verifyCreateAccountPageTest TEST END=========================================
2024-04-17 15:21:17 INFO  Log:10 - =====================================verifyProductPrice TEST START=========================================
2024-04-17 15:21:20 INFO  Log:21 - product is successfully added to cart 
2024-04-17 15:21:49 INFO  Log:10 - =====================================verifyAddToCartProd TEST START=========================================
2024-04-17 15:22:13 INFO  Log:14 - =====================================verifyAddToCartProd TEST END=========================================
2024-04-17 15:22:22 INFO  Log:10 - =====================================endToEndTest TEST START=========================================
2024-04-17 15:25:15 INFO  Log:10 - =====================================verifyLoginTest TEST START=========================================
2024-04-17 15:25:15 INFO  Log:21 - Enter sucsessfully valid credentials
2024-04-17 15:25:22 INFO  Log:10 - =====================================verifyAvaliblityProduct TEST START=========================================
2024-04-17 15:25:23 INFO  Log:21 - Product is available
2024-04-17 15:25:23 INFO  Log:14 - =====================================verifyAvaliblityProduct TEST END=========================================
2024-04-17 15:25:30 INFO  Log:10 - =====================================verifyEditProfileTest TEST START=========================================
2024-04-17 15:25:37 INFO  Log:10 - =====================================verifyOrderHistroy TEST START=========================================
2024-04-17 15:25:44 INFO  Log:10 - =====================================verifywishList TEST START=========================================
2024-04-17 16:29:12 INFO  Log:10 - =====================================verifyProductPrice TEST START=========================================
2024-04-17 16:29:15 INFO  Log:21 - product is successfully added to cart 
2024-04-17 17:41:16 INFO  Log:10 - =====================================verifyProductPrice TEST START=========================================
2024-04-17 17:41:19 INFO  Log:21 - product is successfully added to cart 
2024-04-17 17:42:18 INFO  Log:10 - =====================================verifyLoginTest TEST START=========================================
2024-04-17 17:42:19 INFO  Log:21 - Enter sucsessfully valid credentials
2024-04-17 17:42:27 INFO  Log:10 - =====================================verifyAddToCartProd TEST START=========================================
2024-04-17 17:42:30 INFO  Log:14 - =====================================verifyAddToCartProd TEST END=========================================
2024-04-17 17:42:40 INFO  Log:10 - =====================================verifyAvaliblityProduct TEST START=========================================
2024-04-17 17:42:41 INFO  Log:21 - Product is available
2024-04-17 17:42:41 INFO  Log:14 - =====================================verifyAvaliblityProduct TEST END=========================================
2024-04-17 17:42:51 INFO  Log:10 - =====================================verifyEditProfileTest TEST START=========================================
2024-04-17 17:43:01 INFO  Log:10 - =====================================verifyOrderHistroy TEST START=========================================
2024-04-17 17:43:11 INFO  Log:10 - =====================================verifywishList TEST START=========================================
2024-04-17 17:43:22 INFO  Log:10 - =====================================verifyCreateAccountPageTest TEST START=========================================
2024-04-17 17:43:24 INFO  Log:21 - sucsessfilly retive to Register Account Page
2024-04-17 17:43:24 INFO  Log:14 - =====================================verifyCreateAccountPageTest TEST END=========================================
2024-04-17 17:43:33 INFO  Log:10 - =====================================endToEndTest TEST START=========================================
2024-04-17 17:44:23 DEBUG cache:45 - Couldn't find template in cache for "v3html/v3-html-index.ftl"("en", UTF-8, parsed); will try to load it.
2024-04-17 17:44:23 DEBUG cache:45 - TemplateLoader.findTemplateSource("v3html/v3-html-index_en.ftl"): Not found
2024-04-17 17:44:23 DEBUG cache:45 - TemplateLoader.findTemplateSource("v3html/v3-html-index.ftl"): Found
2024-04-17 17:44:23 DEBUG cache:45 - Loading template for "v3html/v3-html-index.ftl"("en", UTF-8, parsed) from "jar:file:/C:/Users/Admin/.m2/repository/com/aventstack/extentreports/4.0.9/extentreports-4.0.9.jar!/com/aventstack/extentreports/view/v3html/v3-html-index.ftl"
2024-04-17 17:44:23 DEBUG cache:45 - Couldn't find template in cache for "v3html/v3-html-head.ftl"("en", UTF-8, parsed); will try to load it.
2024-04-17 17:44:23 DEBUG cache:45 - TemplateLoader.findTemplateSource("v3html/v3-html-head_en.ftl"): Not found
2024-04-17 17:44:23 DEBUG cache:45 - TemplateLoader.findTemplateSource("v3html/v3-html-head.ftl"): Found
2024-04-17 17:44:23 DEBUG cache:45 - Loading template for "v3html/v3-html-head.ftl"("en", UTF-8, parsed) from "jar:file:/C:/Users/Admin/.m2/repository/com/aventstack/extentreports/4.0.9/extentreports-4.0.9.jar!/com/aventstack/extentreports/view/v3html/v3-html-head.ftl"
2024-04-17 17:44:23 DEBUG cache:45 - Couldn't find template in cache for "v3html/v3-html-nav.ftl"("en", UTF-8, parsed); will try to load it.
2024-04-17 17:44:23 DEBUG cache:45 - TemplateLoader.findTemplateSource("v3html/v3-html-nav_en.ftl"): Not found
2024-04-17 17:44:23 DEBUG cache:45 - TemplateLoader.findTemplateSource("v3html/v3-html-nav.ftl"): Found
2024-04-17 17:44:23 DEBUG cache:45 - Loading template for "v3html/v3-html-nav.ftl"("en", UTF-8, parsed) from "jar:file:/C:/Users/Admin/.m2/repository/com/aventstack/extentreports/4.0.9/extentreports-4.0.9.jar!/com/aventstack/extentreports/view/v3html/v3-html-nav.ftl"
2024-04-17 17:44:23 DEBUG cache:45 - Couldn't find template in cache for "v3html/test-view/v3-html-test-view.ftl"("en", UTF-8, parsed); will try to load it.
2024-04-17 17:44:23 DEBUG cache:45 - TemplateLoader.findTemplateSource("v3html/test-view/v3-html-test-view_en.ftl"): Not found
2024-04-17 17:44:23 DEBUG cache:45 - TemplateLoader.findTemplateSource("v3html/test-view/v3-html-test-view.ftl"): Found
2024-04-17 17:44:23 DEBUG cache:45 - Loading template for "v3html/test-view/v3-html-test-view.ftl"("en", UTF-8, parsed) from "jar:file:/C:/Users/Admin/.m2/repository/com/aventstack/extentreports/4.0.9/extentreports-4.0.9.jar!/com/aventstack/extentreports/view/v3html/test-view/v3-html-test-view.ftl"
2024-04-17 17:44:23 DEBUG cache:45 - Couldn't find template in cache for "v3html/test-view/v3-html-test-view-charts.ftl"("en", UTF-8, parsed); will try to load it.
2024-04-17 17:44:23 DEBUG cache:45 - TemplateLoader.findTemplateSource("v3html/test-view/v3-html-test-view-charts_en.ftl"): Not found
2024-04-17 17:44:23 DEBUG cache:45 - TemplateLoader.findTemplateSource("v3html/test-view/v3-html-test-view-charts.ftl"): Found
2024-04-17 17:44:23 DEBUG cache:45 - Loading template for "v3html/test-view/v3-html-test-view-charts.ftl"("en", UTF-8, parsed) from "jar:file:/C:/Users/Admin/.m2/repository/com/aventstack/extentreports/4.0.9/extentreports-4.0.9.jar!/com/aventstack/extentreports/view/v3html/test-view/v3-html-test-view-charts.ftl"
2024-04-17 17:44:23 DEBUG cache:45 - Couldn't find template in cache for "v3html/test-view/v3-html-standard.ftl"("en", UTF-8, parsed); will try to load it.
2024-04-17 17:44:23 DEBUG cache:45 - TemplateLoader.findTemplateSource("v3html/test-view/v3-html-standard_en.ftl"): Not found
2024-04-17 17:44:23 DEBUG cache:45 - TemplateLoader.findTemplateSource("v3html/test-view/v3-html-standard.ftl"): Found
2024-04-17 17:44:23 DEBUG cache:45 - Loading template for "v3html/test-view/v3-html-standard.ftl"("en", UTF-8, parsed) from "jar:file:/C:/Users/Admin/.m2/repository/com/aventstack/extentreports/4.0.9/extentreports-4.0.9.jar!/com/aventstack/extentreports/view/v3html/test-view/v3-html-standard.ftl"
2024-04-17 17:44:24 DEBUG cache:45 - "v3html/test-view/v3-html-standard.ftl"("en", UTF-8, parsed) cached copy not yet stale; using cached.
2024-04-17 17:44:24 DEBUG cache:45 - "v3html/test-view/v3-html-standard.ftl"("en", UTF-8, parsed) cached copy not yet stale; using cached.
2024-04-17 17:44:24 DEBUG cache:45 - "v3html/test-view/v3-html-standard.ftl"("en", UTF-8, parsed) cached copy not yet stale; using cached.
2024-04-17 17:44:24 DEBUG cache:45 - "v3html/test-view/v3-html-standard.ftl"("en", UTF-8, parsed) cached copy not yet stale; using cached.
2024-04-17 17:44:24 DEBUG cache:45 - "v3html/test-view/v3-html-standard.ftl"("en", UTF-8, parsed) cached copy not yet stale; using cached.
2024-04-17 17:44:24 DEBUG cache:45 - "v3html/test-view/v3-html-standard.ftl"("en", UTF-8, parsed) cached copy not yet stale; using cached.
2024-04-17 17:44:24 DEBUG cache:45 - "v3html/test-view/v3-html-standard.ftl"("en", UTF-8, parsed) cached copy not yet stale; using cached.
2024-04-17 17:44:24 DEBUG cache:45 - "v3html/test-view/v3-html-standard.ftl"("en", UTF-8, parsed) cached copy not yet stale; using cached.
2024-04-17 17:44:24 DEBUG cache:45 - "v3html/test-view/v3-html-standard.ftl"("en", UTF-8, parsed) cached copy not yet stale; using cached.
2024-04-17 17:44:24 DEBUG cache:45 - "v3html/test-view/v3-html-standard.ftl"("en", UTF-8, parsed) cached copy not yet stale; using cached.
2024-04-17 17:44:24 DEBUG cache:45 - Couldn't find template in cache for "v3html/category-view/v3-html-category-view.ftl"("en", UTF-8, parsed); will try to load it.
2024-04-17 17:44:24 DEBUG cache:45 - TemplateLoader.findTemplateSource("v3html/category-view/v3-html-category-view_en.ftl"): Not found
2024-04-17 17:44:24 DEBUG cache:45 - TemplateLoader.findTemplateSource("v3html/category-view/v3-html-category-view.ftl"): Found
2024-04-17 17:44:24 DEBUG cache:45 - Loading template for "v3html/category-view/v3-html-category-view.ftl"("en", UTF-8, parsed) from "jar:file:/C:/Users/Admin/.m2/repository/com/aventstack/extentreports/4.0.9/extentreports-4.0.9.jar!/com/aventstack/extentreports/view/v3html/category-view/v3-html-category-view.ftl"
2024-04-17 17:44:24 DEBUG cache:45 - Couldn't find template in cache for "v3html/exception-view/v3-html-exception-view.ftl"("en", UTF-8, parsed); will try to load it.
2024-04-17 17:44:24 DEBUG cache:45 - TemplateLoader.findTemplateSource("v3html/exception-view/v3-html-exception-view_en.ftl"): Not found
2024-04-17 17:44:24 DEBUG cache:45 - TemplateLoader.findTemplateSource("v3html/exception-view/v3-html-exception-view.ftl"): Found
2024-04-17 17:44:24 DEBUG cache:45 - Loading template for "v3html/exception-view/v3-html-exception-view.ftl"("en", UTF-8, parsed) from "jar:file:/C:/Users/Admin/.m2/repository/com/aventstack/extentreports/4.0.9/extentreports-4.0.9.jar!/com/aventstack/extentreports/view/v3html/exception-view/v3-html-exception-view.ftl"
2024-04-17 17:44:24 DEBUG cache:45 - Couldn't find template in cache for "v3html/author-view/v3-html-author-view.ftl"("en", UTF-8, parsed); will try to load it.
2024-04-17 17:44:24 DEBUG cache:45 - TemplateLoader.findTemplateSource("v3html/author-view/v3-html-author-view_en.ftl"): Not found
2024-04-17 17:44:24 DEBUG cache:45 - TemplateLoader.findTemplateSource("v3html/author-view/v3-html-author-view.ftl"): Found
2024-04-17 17:44:24 DEBUG cache:45 - Loading template for "v3html/author-view/v3-html-author-view.ftl"("en", UTF-8, parsed) from "jar:file:/C:/Users/Admin/.m2/repository/com/aventstack/extentreports/4.0.9/extentreports-4.0.9.jar!/com/aventstack/extentreports/view/v3html/author-view/v3-html-author-view.ftl"
2024-04-17 17:44:24 DEBUG cache:45 - Couldn't find template in cache for "v3html/dashboard-view/v3-html-dashboard-view.ftl"("en", UTF-8, parsed); will try to load it.
2024-04-17 17:44:24 DEBUG cache:45 - TemplateLoader.findTemplateSource("v3html/dashboard-view/v3-html-dashboard-view_en.ftl"): Not found
2024-04-17 17:44:24 DEBUG cache:45 - TemplateLoader.findTemplateSource("v3html/dashboard-view/v3-html-dashboard-view.ftl"): Found
2024-04-17 17:44:24 DEBUG cache:45 - Loading template for "v3html/dashboard-view/v3-html-dashboard-view.ftl"("en", UTF-8, parsed) from "jar:file:/C:/Users/Admin/.m2/repository/com/aventstack/extentreports/4.0.9/extentreports-4.0.9.jar!/com/aventstack/extentreports/view/v3html/dashboard-view/v3-html-dashboard-view.ftl"
2024-04-17 17:44:24 DEBUG cache:45 - Couldn't find template in cache for "v3html/logs-view/v3-html-testrunner-logs-view.ftl"("en", UTF-8, parsed); will try to load it.
2024-04-17 17:44:24 DEBUG cache:45 - TemplateLoader.findTemplateSource("v3html/logs-view/v3-html-testrunner-logs-view_en.ftl"): Not found
2024-04-17 17:44:24 DEBUG cache:45 - TemplateLoader.findTemplateSource("v3html/logs-view/v3-html-testrunner-logs-view.ftl"): Found
2024-04-17 17:44:24 DEBUG cache:45 - Loading template for "v3html/logs-view/v3-html-testrunner-logs-view.ftl"("en", UTF-8, parsed) from "jar:file:/C:/Users/Admin/.m2/repository/com/aventstack/extentreports/4.0.9/extentreports-4.0.9.jar!/com/aventstack/extentreports/view/v3html/logs-view/v3-html-testrunner-logs-view.ftl"
2024-04-18 12:36:31 INFO  Log:10 - =====================================verifyAddToCartProd TEST START=========================================
2024-04-18 14:05:56 INFO  Log:10 - =====================================verifyProductPrice TEST START=========================================
2024-04-18 14:06:05 INFO  Log:21 - product is successfully added to cart 
2024-04-18 14:06:33 INFO  Log:10 - =====================================verifyAddToCartProd TEST START=========================================
2024-04-18 14:06:37 INFO  Log:14 - =====================================verifyAddToCartProd TEST END=========================================
2024-04-18 14:06:42 INFO  Log:10 - =====================================endToEndTest TEST START=========================================
2024-04-18 14:08:54 INFO  Log:10 - =====================================verifyProductPrice TEST START=========================================
2024-04-18 14:09:03 INFO  Log:10 - =====================================verifyAddToCartProd TEST START=========================================
2024-04-18 14:09:07 INFO  Log:10 - =====================================endToEndTest TEST START=========================================
2024-04-18 17:15:33 INFO  Log:10 - =====================================verifyLoginTest TEST START=========================================
2024-04-18 17:15:34 INFO  Log:21 - Enter sucsessfully valid credentials
2024-04-18 17:18:19 INFO  Log:10 - =====================================verifyLoginTest TEST START=========================================
2024-04-18 17:18:19 INFO  Log:21 - Enter sucsessfully valid credentials
2024-04-18 17:19:24 INFO  Log:10 - =====================================verifyLoginTest TEST START=========================================
2024-04-18 17:19:24 INFO  Log:21 - Enter sucsessfully valid credentials
2024-04-18 17:21:40 INFO  Log:10 - =====================================verifyProductPrice TEST START=========================================
2024-04-18 17:21:43 INFO  Log:21 - product is successfully added to cart 
2024-04-18 17:22:14 INFO  Log:10 - =====================================verifyLoginTest TEST START=========================================
2024-04-18 17:22:15 INFO  Log:21 - Enter sucsessfully valid credentials
2024-04-18 17:22:25 INFO  Log:10 - =====================================verifyAddToCartProd TEST START=========================================
2024-04-18 17:22:27 INFO  Log:14 - =====================================verifyAddToCartProd TEST END=========================================
2024-04-18 17:22:36 INFO  Log:10 - =====================================verifyAvaliblityProduct TEST START=========================================
2024-04-18 17:22:37 INFO  Log:21 - Product is available
2024-04-18 17:22:37 INFO  Log:14 - =====================================verifyAvaliblityProduct TEST END=========================================
2024-04-18 17:22:44 INFO  Log:10 - =====================================verifyEditProfileTest TEST START=========================================
2024-04-18 17:22:55 INFO  Log:10 - =====================================verifyOrderHistroy TEST START=========================================
2024-04-18 17:23:07 INFO  Log:10 - =====================================verifywishList TEST START=========================================
2024-04-18 17:23:18 INFO  Log:10 - =====================================verifyCreateAccountPageTest TEST START=========================================
2024-04-18 17:23:20 INFO  Log:21 - sucsessfilly retive to Register Account Page
2024-04-18 17:23:20 INFO  Log:14 - =====================================verifyCreateAccountPageTest TEST END=========================================
2024-04-18 17:23:27 INFO  Log:10 - =====================================endToEndTest TEST START=========================================
2024-04-18 17:24:17 DEBUG cache:45 - Couldn't find template in cache for "v3html/v3-html-index.ftl"("en", UTF-8, parsed); will try to load it.
2024-04-18 17:24:17 DEBUG cache:45 - TemplateLoader.findTemplateSource("v3html/v3-html-index_en.ftl"): Not found
2024-04-18 17:24:17 DEBUG cache:45 - TemplateLoader.findTemplateSource("v3html/v3-html-index.ftl"): Found
2024-04-18 17:24:17 DEBUG cache:45 - Loading template for "v3html/v3-html-index.ftl"("en", UTF-8, parsed) from "jar:file:/C:/Users/Admin/.m2/repository/com/aventstack/extentreports/4.0.9/extentreports-4.0.9.jar!/com/aventstack/extentreports/view/v3html/v3-html-index.ftl"
2024-04-18 17:24:17 DEBUG cache:45 - Couldn't find template in cache for "v3html/v3-html-head.ftl"("en", UTF-8, parsed); will try to load it.
2024-04-18 17:24:17 DEBUG cache:45 - TemplateLoader.findTemplateSource("v3html/v3-html-head_en.ftl"): Not found
2024-04-18 17:24:17 DEBUG cache:45 - TemplateLoader.findTemplateSource("v3html/v3-html-head.ftl"): Found
2024-04-18 17:24:17 DEBUG cache:45 - Loading template for "v3html/v3-html-head.ftl"("en", UTF-8, parsed) from "jar:file:/C:/Users/Admin/.m2/repository/com/aventstack/extentreports/4.0.9/extentreports-4.0.9.jar!/com/aventstack/extentreports/view/v3html/v3-html-head.ftl"
2024-04-18 17:24:17 DEBUG cache:45 - Couldn't find template in cache for "v3html/v3-html-nav.ftl"("en", UTF-8, parsed); will try to load it.
2024-04-18 17:24:17 DEBUG cache:45 - TemplateLoader.findTemplateSource("v3html/v3-html-nav_en.ftl"): Not found
2024-04-18 17:24:17 DEBUG cache:45 - TemplateLoader.findTemplateSource("v3html/v3-html-nav.ftl"): Found
2024-04-18 17:24:17 DEBUG cache:45 - Loading template for "v3html/v3-html-nav.ftl"("en", UTF-8, parsed) from "jar:file:/C:/Users/Admin/.m2/repository/com/aventstack/extentreports/4.0.9/extentreports-4.0.9.jar!/com/aventstack/extentreports/view/v3html/v3-html-nav.ftl"
2024-04-18 17:24:17 DEBUG cache:45 - Couldn't find template in cache for "v3html/test-view/v3-html-test-view.ftl"("en", UTF-8, parsed); will try to load it.
2024-04-18 17:24:17 DEBUG cache:45 - TemplateLoader.findTemplateSource("v3html/test-view/v3-html-test-view_en.ftl"): Not found
2024-04-18 17:24:17 DEBUG cache:45 - TemplateLoader.findTemplateSource("v3html/test-view/v3-html-test-view.ftl"): Found
2024-04-18 17:24:17 DEBUG cache:45 - Loading template for "v3html/test-view/v3-html-test-view.ftl"("en", UTF-8, parsed) from "jar:file:/C:/Users/Admin/.m2/repository/com/aventstack/extentreports/4.0.9/extentreports-4.0.9.jar!/com/aventstack/extentreports/view/v3html/test-view/v3-html-test-view.ftl"
2024-04-18 17:24:17 DEBUG cache:45 - Couldn't find template in cache for "v3html/test-view/v3-html-test-view-charts.ftl"("en", UTF-8, parsed); will try to load it.
2024-04-18 17:24:17 DEBUG cache:45 - TemplateLoader.findTemplateSource("v3html/test-view/v3-html-test-view-charts_en.ftl"): Not found
2024-04-18 17:24:17 DEBUG cache:45 - TemplateLoader.findTemplateSource("v3html/test-view/v3-html-test-view-charts.ftl"): Found
2024-04-18 17:24:17 DEBUG cache:45 - Loading template for "v3html/test-view/v3-html-test-view-charts.ftl"("en", UTF-8, parsed) from "jar:file:/C:/Users/Admin/.m2/repository/com/aventstack/extentreports/4.0.9/extentreports-4.0.9.jar!/com/aventstack/extentreports/view/v3html/test-view/v3-html-test-view-charts.ftl"
2024-04-18 17:24:17 DEBUG cache:45 - Couldn't find template in cache for "v3html/test-view/v3-html-standard.ftl"("en", UTF-8, parsed); will try to load it.
2024-04-18 17:24:17 DEBUG cache:45 - TemplateLoader.findTemplateSource("v3html/test-view/v3-html-standard_en.ftl"): Not found
2024-04-18 17:24:18 DEBUG cache:45 - TemplateLoader.findTemplateSource("v3html/test-view/v3-html-standard.ftl"): Found
2024-04-18 17:24:18 DEBUG cache:45 - Loading template for "v3html/test-view/v3-html-standard.ftl"("en", UTF-8, parsed) from "jar:file:/C:/Users/Admin/.m2/repository/com/aventstack/extentreports/4.0.9/extentreports-4.0.9.jar!/com/aventstack/extentreports/view/v3html/test-view/v3-html-standard.ftl"
2024-04-18 17:24:18 DEBUG cache:45 - "v3html/test-view/v3-html-standard.ftl"("en", UTF-8, parsed) cached copy not yet stale; using cached.
2024-04-18 17:24:18 DEBUG cache:45 - "v3html/test-view/v3-html-standard.ftl"("en", UTF-8, parsed) cached copy not yet stale; using cached.
2024-04-18 17:24:18 DEBUG cache:45 - "v3html/test-view/v3-html-standard.ftl"("en", UTF-8, parsed) cached copy not yet stale; using cached.
2024-04-18 17:24:18 DEBUG cache:45 - "v3html/test-view/v3-html-standard.ftl"("en", UTF-8, parsed) cached copy not yet stale; using cached.
2024-04-18 17:24:18 DEBUG cache:45 - "v3html/test-view/v3-html-standard.ftl"("en", UTF-8, parsed) cached copy not yet stale; using cached.
2024-04-18 17:24:18 DEBUG cache:45 - "v3html/test-view/v3-html-standard.ftl"("en", UTF-8, parsed) cached copy not yet stale; using cached.
2024-04-18 17:24:18 DEBUG cache:45 - "v3html/test-view/v3-html-standard.ftl"("en", UTF-8, parsed) cached copy not yet stale; using cached.
2024-04-18 17:24:18 DEBUG cache:45 - "v3html/test-view/v3-html-standard.ftl"("en", UTF-8, parsed) cached copy not yet stale; using cached.
2024-04-18 17:24:18 DEBUG cache:45 - "v3html/test-view/v3-html-standard.ftl"("en", UTF-8, parsed) cached copy not yet stale; using cached.
2024-04-18 17:24:18 DEBUG cache:45 - "v3html/test-view/v3-html-standard.ftl"("en", UTF-8, parsed) cached copy not yet stale; using cached.
2024-04-18 17:24:18 DEBUG cache:45 - Couldn't find template in cache for "v3html/category-view/v3-html-category-view.ftl"("en", UTF-8, parsed); will try to load it.
2024-04-18 17:24:18 DEBUG cache:45 - TemplateLoader.findTemplateSource("v3html/category-view/v3-html-category-view_en.ftl"): Not found
2024-04-18 17:24:18 DEBUG cache:45 - TemplateLoader.findTemplateSource("v3html/category-view/v3-html-category-view.ftl"): Found
2024-04-18 17:24:18 DEBUG cache:45 - Loading template for "v3html/category-view/v3-html-category-view.ftl"("en", UTF-8, parsed) from "jar:file:/C:/Users/Admin/.m2/repository/com/aventstack/extentreports/4.0.9/extentreports-4.0.9.jar!/com/aventstack/extentreports/view/v3html/category-view/v3-html-category-view.ftl"
2024-04-18 17:24:18 DEBUG cache:45 - Couldn't find template in cache for "v3html/exception-view/v3-html-exception-view.ftl"("en", UTF-8, parsed); will try to load it.
2024-04-18 17:24:18 DEBUG cache:45 - TemplateLoader.findTemplateSource("v3html/exception-view/v3-html-exception-view_en.ftl"): Not found
2024-04-18 17:24:18 DEBUG cache:45 - TemplateLoader.findTemplateSource("v3html/exception-view/v3-html-exception-view.ftl"): Found
2024-04-18 17:24:18 DEBUG cache:45 - Loading template for "v3html/exception-view/v3-html-exception-view.ftl"("en", UTF-8, parsed) from "jar:file:/C:/Users/Admin/.m2/repository/com/aventstack/extentreports/4.0.9/extentreports-4.0.9.jar!/com/aventstack/extentreports/view/v3html/exception-view/v3-html-exception-view.ftl"
2024-04-18 17:24:18 DEBUG cache:45 - Couldn't find template in cache for "v3html/author-view/v3-html-author-view.ftl"("en", UTF-8, parsed); will try to load it.
2024-04-18 17:24:18 DEBUG cache:45 - TemplateLoader.findTemplateSource("v3html/author-view/v3-html-author-view_en.ftl"): Not found
2024-04-18 17:24:18 DEBUG cache:45 - TemplateLoader.findTemplateSource("v3html/author-view/v3-html-author-view.ftl"): Found
2024-04-18 17:24:18 DEBUG cache:45 - Loading template for "v3html/author-view/v3-html-author-view.ftl"("en", UTF-8, parsed) from "jar:file:/C:/Users/Admin/.m2/repository/com/aventstack/extentreports/4.0.9/extentreports-4.0.9.jar!/com/aventstack/extentreports/view/v3html/author-view/v3-html-author-view.ftl"
2024-04-18 17:24:18 DEBUG cache:45 - Couldn't find template in cache for "v3html/dashboard-view/v3-html-dashboard-view.ftl"("en", UTF-8, parsed); will try to load it.
2024-04-18 17:24:18 DEBUG cache:45 - TemplateLoader.findTemplateSource("v3html/dashboard-view/v3-html-dashboard-view_en.ftl"): Not found
2024-04-18 17:24:18 DEBUG cache:45 - TemplateLoader.findTemplateSource("v3html/dashboard-view/v3-html-dashboard-view.ftl"): Found
2024-04-18 17:24:18 DEBUG cache:45 - Loading template for "v3html/dashboard-view/v3-html-dashboard-view.ftl"("en", UTF-8, parsed) from "jar:file:/C:/Users/Admin/.m2/repository/com/aventstack/extentreports/4.0.9/extentreports-4.0.9.jar!/com/aventstack/extentreports/view/v3html/dashboard-view/v3-html-dashboard-view.ftl"
2024-04-18 17:24:18 DEBUG cache:45 - Couldn't find template in cache for "v3html/logs-view/v3-html-testrunner-logs-view.ftl"("en", UTF-8, parsed); will try to load it.
2024-04-18 17:24:18 DEBUG cache:45 - TemplateLoader.findTemplateSource("v3html/logs-view/v3-html-testrunner-logs-view_en.ftl"): Not found
2024-04-18 17:24:18 DEBUG cache:45 - TemplateLoader.findTemplateSource("v3html/logs-view/v3-html-testrunner-logs-view.ftl"): Found
2024-04-18 17:24:18 DEBUG cache:45 - Loading template for "v3html/logs-view/v3-html-testrunner-logs-view.ftl"("en", UTF-8, parsed) from "jar:file:/C:/Users/Admin/.m2/repository/com/aventstack/extentreports/4.0.9/extentreports-4.0.9.jar!/com/aventstack/extentreports/view/v3html/logs-view/v3-html-testrunner-logs-view.ftl"
2024-04-18 17:25:39 INFO  Log:10 - =====================================verifyLoginTest TEST START=========================================
2024-04-18 17:25:40 INFO  Log:21 - Enter sucsessfully valid credentials
